2023/04/02 12:54:04 [notice] 1#1: using the "epoll" event method
2023/04/02 12:54:04 [notice] 1#1: nginx/1.23.4
2023/04/02 12:54:04 [notice] 1#1: built by gcc 12.2.1 20220924 (Alpine 12.2.1_git20220924-r4) 
2023/04/02 12:54:04 [notice] 1#1: OS: Linux 5.10.16.3-microsoft-standard-WSL2
2023/04/02 12:54:04 [notice] 1#1: getrlimit(RLIMIT_NOFILE): 1048576:1048576
2023/04/02 12:54:04 [notice] 1#1: start worker processes
2023/04/02 12:54:04 [notice] 1#1: start worker process 29
2023/04/02 12:54:04 [notice] 1#1: start worker process 30
2023/04/02 12:54:04 [notice] 1#1: start worker process 31
2023/04/02 12:54:04 [notice] 1#1: start worker process 32
2023/04/02 12:54:10 [error] 29#29: *1 open() "/var/www/html/coffeecodetech/wp-includes/css/buttons.min.css" failed (2: No such file or directory), client: 172.25.0.1, server: coffeecodetech.test, request: "GET /wp-includes/css/buttons.min.css?ver=6.2 HTTP/1.1", host: "coffeecodetech.test", referrer: "http://coffeecodetech.test/wp-login.php"
2023/04/02 12:54:10 [error] 29#29: *1 open() "/var/www/html/coffeecodetech/404.html" failed (2: No such file or directory), client: 172.25.0.1, server: coffeecodetech.test, request: "GET /wp-includes/css/buttons.min.css?ver=6.2 HTTP/1.1", host: "coffeecodetech.test", referrer: "http://coffeecodetech.test/wp-login.php"
2023/04/02 12:54:10 [error] 30#30: *3 open() "/var/www/html/coffeecodetech/404.html" failed (2: No such file or directory), client: 172.25.0.1, server: coffeecodetech.test, request: "GET /favicon.ico HTTP/1.1", host: "coffeecodetech.test", referrer: "http://coffeecodetech.test/wp-login.php"
2023/04/02 13:00:32 [notice] 1#1: signal 3 (SIGQUIT) received, shutting down
2023/04/02 13:00:32 [notice] 29#29: gracefully shutting down
2023/04/02 13:00:32 [notice] 29#29: exiting
2023/04/02 13:00:32 [notice] 30#30: gracefully shutting down
2023/04/02 13:00:32 [notice] 31#31: gracefully shutting down
2023/04/02 13:00:32 [notice] 32#32: gracefully shutting down
2023/04/02 13:00:32 [notice] 30#30: exiting
2023/04/02 13:00:32 [notice] 31#31: exiting
2023/04/02 13:00:32 [notice] 32#32: exiting
2023/04/02 13:00:32 [notice] 29#29: exit
2023/04/02 13:00:32 [notice] 30#30: exit
2023/04/02 13:00:32 [notice] 31#31: exit
2023/04/02 13:00:32 [notice] 32#32: exit
2023/04/02 13:00:32 [notice] 1#1: signal 17 (SIGCHLD) received from 30
2023/04/02 13:00:32 [notice] 1#1: worker process 30 exited with code 0
2023/04/02 13:00:32 [notice] 1#1: signal 29 (SIGIO) received
2023/04/02 13:00:32 [notice] 1#1: signal 17 (SIGCHLD) received from 29
2023/04/02 13:00:32 [notice] 1#1: worker process 29 exited with code 0
2023/04/02 13:00:32 [notice] 1#1: signal 29 (SIGIO) received
2023/04/02 13:00:32 [notice] 1#1: signal 17 (SIGCHLD) received from 31
2023/04/02 13:00:32 [notice] 1#1: worker process 31 exited with code 0
2023/04/02 13:00:32 [notice] 1#1: worker process 32 exited with code 0
2023/04/02 13:00:32 [notice] 1#1: exit
2023/04/02 13:02:37 [notice] 1#1: using the "epoll" event method
2023/04/02 13:02:37 [notice] 1#1: nginx/1.23.4
2023/04/02 13:02:37 [notice] 1#1: built by gcc 12.2.1 20220924 (Alpine 12.2.1_git20220924-r4) 
2023/04/02 13:02:37 [notice] 1#1: OS: Linux 5.10.16.3-microsoft-standard-WSL2
2023/04/02 13:02:37 [notice] 1#1: getrlimit(RLIMIT_NOFILE): 1048576:1048576
2023/04/02 13:02:37 [notice] 1#1: start worker processes
2023/04/02 13:02:37 [notice] 1#1: start worker process 29
2023/04/02 13:02:37 [notice] 1#1: start worker process 30
2023/04/02 13:02:37 [notice] 1#1: start worker process 31
2023/04/02 13:02:37 [notice] 1#1: start worker process 32
2023/04/02 13:03:16 [notice] 1#1: signal 3 (SIGQUIT) received, shutting down
2023/04/02 13:03:16 [notice] 29#29: gracefully shutting down
2023/04/02 13:03:16 [notice] 30#30: gracefully shutting down
2023/04/02 13:03:16 [notice] 32#32: gracefully shutting down
2023/04/02 13:03:16 [notice] 31#31: gracefully shutting down
2023/04/02 13:03:16 [notice] 30#30: exiting
2023/04/02 13:03:16 [notice] 32#32: exiting
2023/04/02 13:03:16 [notice] 31#31: exiting
2023/04/02 13:03:16 [notice] 29#29: exiting
2023/04/02 13:03:16 [notice] 30#30: exit
2023/04/02 13:03:16 [notice] 32#32: exit
2023/04/02 13:03:16 [notice] 31#31: exit
2023/04/02 13:03:16 [notice] 29#29: exit
2023/04/02 13:03:16 [notice] 1#1: signal 17 (SIGCHLD) received from 30
2023/04/02 13:03:16 [notice] 1#1: worker process 30 exited with code 0
2023/04/02 13:03:16 [notice] 1#1: signal 29 (SIGIO) received
2023/04/02 13:03:16 [notice] 1#1: signal 17 (SIGCHLD) received from 31
2023/04/02 13:03:16 [notice] 1#1: worker process 29 exited with code 0
2023/04/02 13:03:16 [notice] 1#1: worker process 31 exited with code 0
2023/04/02 13:03:16 [notice] 1#1: worker process 32 exited with code 0
2023/04/02 13:03:16 [notice] 1#1: exit
2023/04/02 13:04:01 [notice] 1#1: using the "epoll" event method
2023/04/02 13:04:01 [notice] 1#1: nginx/1.23.4
2023/04/02 13:04:01 [notice] 1#1: built by gcc 12.2.1 20220924 (Alpine 12.2.1_git20220924-r4) 
2023/04/02 13:04:01 [notice] 1#1: OS: Linux 5.10.16.3-microsoft-standard-WSL2
2023/04/02 13:04:01 [notice] 1#1: getrlimit(RLIMIT_NOFILE): 1048576:1048576
2023/04/02 13:04:01 [notice] 1#1: start worker processes
2023/04/02 13:04:01 [notice] 1#1: start worker process 29
2023/04/02 13:04:01 [notice] 1#1: start worker process 30
2023/04/02 13:04:01 [notice] 1#1: start worker process 31
2023/04/02 13:04:01 [notice] 1#1: start worker process 32
2023/04/02 13:04:34 [notice] 1#1: signal 3 (SIGQUIT) received, shutting down
2023/04/02 13:04:34 [notice] 31#31: gracefully shutting down
2023/04/02 13:04:34 [notice] 32#32: gracefully shutting down
2023/04/02 13:04:34 [notice] 32#32: exiting
2023/04/02 13:04:34 [notice] 31#31: exiting
2023/04/02 13:04:34 [notice] 29#29: gracefully shutting down
2023/04/02 13:04:34 [notice] 29#29: exiting
2023/04/02 13:04:34 [notice] 31#31: exit
2023/04/02 13:04:34 [notice] 29#29: exit
2023/04/02 13:04:34 [notice] 32#32: exit
2023/04/02 13:04:34 [notice] 30#30: gracefully shutting down
2023/04/02 13:04:34 [notice] 30#30: exiting
2023/04/02 13:04:34 [notice] 30#30: exit
2023/04/02 13:04:35 [notice] 1#1: signal 17 (SIGCHLD) received from 32
2023/04/02 13:04:35 [notice] 1#1: worker process 29 exited with code 0
2023/04/02 13:04:35 [notice] 1#1: worker process 32 exited with code 0
2023/04/02 13:04:35 [notice] 1#1: signal 29 (SIGIO) received
2023/04/02 13:04:35 [notice] 1#1: signal 17 (SIGCHLD) received from 29
2023/04/02 13:04:35 [notice] 1#1: signal 17 (SIGCHLD) received from 31
2023/04/02 13:04:35 [notice] 1#1: worker process 30 exited with code 0
2023/04/02 13:04:35 [notice] 1#1: worker process 31 exited with code 0
2023/04/02 13:04:35 [notice] 1#1: exit
2023/04/02 13:09:56 [notice] 1#1: using the "epoll" event method
2023/04/02 13:09:56 [notice] 1#1: nginx/1.23.4
2023/04/02 13:09:56 [notice] 1#1: built by gcc 12.2.1 20220924 (Alpine 12.2.1_git20220924-r4) 
2023/04/02 13:09:56 [notice] 1#1: OS: Linux 5.10.16.3-microsoft-standard-WSL2
2023/04/02 13:09:56 [notice] 1#1: getrlimit(RLIMIT_NOFILE): 1048576:1048576
2023/04/02 13:09:56 [notice] 1#1: start worker processes
2023/04/02 13:09:56 [notice] 1#1: start worker process 29
2023/04/02 13:09:56 [notice] 1#1: start worker process 30
2023/04/02 13:09:56 [notice] 1#1: start worker process 31
2023/04/02 13:09:56 [notice] 1#1: start worker process 32
2023/04/02 13:10:55 [notice] 1#1: signal 3 (SIGQUIT) received, shutting down
2023/04/02 13:10:55 [notice] 29#29: gracefully shutting down
2023/04/02 13:10:55 [notice] 30#30: gracefully shutting down
2023/04/02 13:10:55 [notice] 32#32: gracefully shutting down
2023/04/02 13:10:55 [notice] 31#31: gracefully shutting down
2023/04/02 13:10:55 [notice] 32#32: exiting
2023/04/02 13:10:55 [notice] 29#29: exiting
2023/04/02 13:10:55 [notice] 31#31: exiting
2023/04/02 13:10:55 [notice] 29#29: exit
2023/04/02 13:10:55 [notice] 32#32: exit
2023/04/02 13:10:55 [notice] 31#31: exit
2023/04/02 13:10:55 [notice] 1#1: signal 17 (SIGCHLD) received from 32
2023/04/02 13:10:55 [notice] 1#1: worker process 29 exited with code 0
2023/04/02 13:10:55 [notice] 1#1: worker process 32 exited with code 0
2023/04/02 13:10:55 [notice] 1#1: signal 29 (SIGIO) received
2023/04/02 13:10:55 [notice] 1#1: signal 17 (SIGCHLD) received from 31
2023/04/02 13:10:55 [notice] 1#1: worker process 31 exited with code 0
2023/04/02 13:10:55 [notice] 1#1: signal 29 (SIGIO) received
2023/04/02 13:10:57 [notice] 30#30: exiting
2023/04/02 13:10:57 [notice] 30#30: exit
2023/04/02 13:10:57 [notice] 1#1: signal 17 (SIGCHLD) received from 30
2023/04/02 13:10:57 [notice] 1#1: worker process 30 exited with code 0
2023/04/02 13:10:57 [notice] 1#1: exit
2023/04/02 13:20:16 [notice] 1#1: using the "epoll" event method
2023/04/02 13:20:16 [notice] 1#1: nginx/1.23.4
2023/04/02 13:20:16 [notice] 1#1: built by gcc 12.2.1 20220924 (Alpine 12.2.1_git20220924-r4) 
2023/04/02 13:20:16 [notice] 1#1: OS: Linux 5.10.16.3-microsoft-standard-WSL2
2023/04/02 13:20:16 [notice] 1#1: getrlimit(RLIMIT_NOFILE): 1048576:1048576
2023/04/02 13:20:16 [notice] 1#1: start worker processes
2023/04/02 13:20:16 [notice] 1#1: start worker process 29
2023/04/02 13:20:16 [notice] 1#1: start worker process 30
2023/04/02 13:20:16 [notice] 1#1: start worker process 31
2023/04/02 13:20:16 [notice] 1#1: start worker process 32
2023/04/02 13:28:54 [notice] 1#1: signal 3 (SIGQUIT) received, shutting down
2023/04/02 13:28:54 [notice] 29#29: gracefully shutting down
2023/04/02 13:28:54 [notice] 30#30: gracefully shutting down
2023/04/02 13:28:54 [notice] 29#29: exiting
2023/04/02 13:28:54 [notice] 31#31: gracefully shutting down
2023/04/02 13:28:54 [notice] 32#32: gracefully shutting down
2023/04/02 13:28:54 [notice] 31#31: exiting
2023/04/02 13:28:54 [notice] 32#32: exiting
2023/04/02 13:28:54 [notice] 29#29: exit
2023/04/02 13:28:54 [notice] 31#31: exit
2023/04/02 13:28:54 [notice] 32#32: exit
2023/04/02 13:28:54 [notice] 30#30: exiting
2023/04/02 13:28:54 [notice] 30#30: exit
2023/04/02 13:28:54 [notice] 1#1: signal 17 (SIGCHLD) received from 30
2023/04/02 13:28:54 [notice] 1#1: worker process 30 exited with code 0
2023/04/02 13:28:54 [notice] 1#1: worker process 31 exited with code 0
2023/04/02 13:28:54 [notice] 1#1: worker process 32 exited with code 0
2023/04/02 13:28:54 [notice] 1#1: signal 29 (SIGIO) received
2023/04/02 13:28:54 [notice] 1#1: signal 17 (SIGCHLD) received from 31
2023/04/02 13:28:54 [notice] 1#1: signal 17 (SIGCHLD) received from 29
2023/04/02 13:28:54 [notice] 1#1: worker process 29 exited with code 0
2023/04/02 13:28:54 [notice] 1#1: exit
2023/04/02 13:29:37 [notice] 1#1: using the "epoll" event method
2023/04/02 13:29:37 [notice] 1#1: nginx/1.23.4
2023/04/02 13:29:37 [notice] 1#1: built by gcc 12.2.1 20220924 (Alpine 12.2.1_git20220924-r4) 
2023/04/02 13:29:37 [notice] 1#1: OS: Linux 5.10.16.3-microsoft-standard-WSL2
2023/04/02 13:29:37 [notice] 1#1: getrlimit(RLIMIT_NOFILE): 1048576:1048576
2023/04/02 13:29:37 [notice] 1#1: start worker processes
2023/04/02 13:29:37 [notice] 1#1: start worker process 29
2023/04/02 13:29:37 [notice] 1#1: start worker process 30
2023/04/02 13:29:37 [notice] 1#1: start worker process 31
2023/04/02 13:29:37 [notice] 1#1: start worker process 32
2023/04/02 13:32:26 [notice] 1#1: signal 3 (SIGQUIT) received, shutting down
2023/04/02 13:32:26 [notice] 29#29: gracefully shutting down
2023/04/02 13:32:26 [notice] 32#32: gracefully shutting down
2023/04/02 13:32:26 [notice] 30#30: gracefully shutting down
2023/04/02 13:32:26 [notice] 31#31: gracefully shutting down
2023/04/02 13:32:26 [notice] 32#32: exiting
2023/04/02 13:32:26 [notice] 30#30: exiting
2023/04/02 13:32:26 [notice] 31#31: exiting
2023/04/02 13:32:26 [notice] 32#32: exit
2023/04/02 13:32:26 [notice] 30#30: exit
2023/04/02 13:32:26 [notice] 31#31: exit
2023/04/02 13:32:26 [notice] 29#29: exiting
2023/04/02 13:32:26 [notice] 29#29: exit
2023/04/02 13:32:26 [notice] 1#1: signal 17 (SIGCHLD) received from 31
2023/04/02 13:32:26 [notice] 1#1: worker process 31 exited with code 0
2023/04/02 13:32:26 [notice] 1#1: signal 29 (SIGIO) received
2023/04/02 13:32:26 [notice] 1#1: signal 17 (SIGCHLD) received from 29
2023/04/02 13:32:26 [notice] 1#1: worker process 29 exited with code 0
2023/04/02 13:32:26 [notice] 1#1: signal 29 (SIGIO) received
2023/04/02 13:32:26 [notice] 1#1: signal 17 (SIGCHLD) received from 30
2023/04/02 13:32:26 [notice] 1#1: worker process 30 exited with code 0
2023/04/02 13:32:26 [notice] 1#1: worker process 32 exited with code 0
2023/04/02 13:32:26 [notice] 1#1: exit
2023/04/02 13:36:30 [notice] 1#1: using the "epoll" event method
2023/04/02 13:36:30 [notice] 1#1: nginx/1.23.4
2023/04/02 13:36:30 [notice] 1#1: built by gcc 12.2.1 20220924 (Alpine 12.2.1_git20220924-r4) 
2023/04/02 13:36:30 [notice] 1#1: OS: Linux 5.10.16.3-microsoft-standard-WSL2
2023/04/02 13:36:30 [notice] 1#1: getrlimit(RLIMIT_NOFILE): 1048576:1048576
2023/04/02 13:36:30 [notice] 1#1: start worker processes
2023/04/02 13:36:30 [notice] 1#1: start worker process 29
2023/04/02 13:36:30 [notice] 1#1: start worker process 30
2023/04/02 13:36:30 [notice] 1#1: start worker process 31
2023/04/02 13:36:30 [notice] 1#1: start worker process 32
2023/04/02 13:47:57 [notice] 1#1: signal 3 (SIGQUIT) received, shutting down
2023/04/02 13:47:57 [notice] 30#30: gracefully shutting down
2023/04/02 13:47:57 [notice] 31#31: gracefully shutting down
2023/04/02 13:47:57 [notice] 31#31: exiting
2023/04/02 13:47:57 [notice] 30#30: exiting
2023/04/02 13:47:57 [notice] 31#31: exit
2023/04/02 13:47:57 [notice] 30#30: exit
2023/04/02 13:47:57 [notice] 32#32: gracefully shutting down
2023/04/02 13:47:57 [notice] 32#32: exiting
2023/04/02 13:47:57 [notice] 32#32: exit
2023/04/02 13:47:57 [notice] 29#29: gracefully shutting down
2023/04/02 13:47:57 [notice] 29#29: exiting
2023/04/02 13:47:57 [notice] 29#29: exit
2023/04/02 13:47:57 [notice] 1#1: signal 17 (SIGCHLD) received from 30
2023/04/02 13:47:57 [notice] 1#1: worker process 30 exited with code 0
2023/04/02 13:47:57 [notice] 1#1: signal 29 (SIGIO) received
2023/04/02 13:47:57 [notice] 1#1: signal 17 (SIGCHLD) received from 31
2023/04/02 13:47:57 [notice] 1#1: worker process 31 exited with code 0
2023/04/02 13:47:57 [notice] 1#1: worker process 32 exited with code 0
2023/04/02 13:47:57 [notice] 1#1: signal 29 (SIGIO) received
2023/04/02 13:47:57 [notice] 1#1: signal 17 (SIGCHLD) received from 29
2023/04/02 13:47:57 [notice] 1#1: worker process 29 exited with code 0
2023/04/02 13:47:57 [notice] 1#1: exit
2023/04/02 13:48:50 [notice] 1#1: using the "epoll" event method
2023/04/02 13:48:50 [notice] 1#1: nginx/1.23.4
2023/04/02 13:48:50 [notice] 1#1: built by gcc 12.2.1 20220924 (Alpine 12.2.1_git20220924-r4) 
2023/04/02 13:48:50 [notice] 1#1: OS: Linux 5.10.16.3-microsoft-standard-WSL2
2023/04/02 13:48:50 [notice] 1#1: getrlimit(RLIMIT_NOFILE): 1048576:1048576
2023/04/02 13:48:50 [notice] 1#1: start worker processes
2023/04/02 13:48:50 [notice] 1#1: start worker process 29
2023/04/02 13:48:50 [notice] 1#1: start worker process 30
2023/04/02 13:48:50 [notice] 1#1: start worker process 31
2023/04/02 13:48:50 [notice] 1#1: start worker process 32
2023/04/02 13:58:18 [notice] 1#1: signal 3 (SIGQUIT) received, shutting down
2023/04/02 13:58:18 [notice] 30#30: gracefully shutting down
2023/04/02 13:58:18 [notice] 31#31: gracefully shutting down
2023/04/02 13:58:18 [notice] 30#30: exiting
2023/04/02 13:58:18 [notice] 29#29: gracefully shutting down
2023/04/02 13:58:18 [notice] 31#31: exiting
2023/04/02 13:58:18 [notice] 29#29: exiting
2023/04/02 13:58:18 [notice] 30#30: exit
2023/04/02 13:58:18 [notice] 31#31: exit
2023/04/02 13:58:18 [notice] 29#29: exit
2023/04/02 13:58:18 [notice] 32#32: gracefully shutting down
2023/04/02 13:58:18 [notice] 32#32: exiting
2023/04/02 13:58:18 [notice] 32#32: exit
2023/04/02 13:58:18 [notice] 1#1: signal 17 (SIGCHLD) received from 31
2023/04/02 13:58:18 [notice] 1#1: worker process 30 exited with code 0
2023/04/02 13:58:18 [notice] 1#1: worker process 31 exited with code 0
2023/04/02 13:58:18 [notice] 1#1: signal 29 (SIGIO) received
2023/04/02 13:58:18 [notice] 1#1: signal 17 (SIGCHLD) received from 29
2023/04/02 13:58:18 [notice] 1#1: worker process 29 exited with code 0
2023/04/02 13:58:18 [notice] 1#1: worker process 32 exited with code 0
2023/04/02 13:58:18 [notice] 1#1: exit
2023/04/02 13:58:53 [notice] 1#1: using the "epoll" event method
2023/04/02 13:58:53 [notice] 1#1: nginx/1.23.4
2023/04/02 13:58:53 [notice] 1#1: built by gcc 12.2.1 20220924 (Alpine 12.2.1_git20220924-r4) 
2023/04/02 13:58:53 [notice] 1#1: OS: Linux 5.10.16.3-microsoft-standard-WSL2
2023/04/02 13:58:53 [notice] 1#1: getrlimit(RLIMIT_NOFILE): 1048576:1048576
2023/04/02 13:58:53 [notice] 1#1: start worker processes
2023/04/02 13:58:53 [notice] 1#1: start worker process 29
2023/04/02 13:58:53 [notice] 1#1: start worker process 30
2023/04/02 13:58:53 [notice] 1#1: start worker process 31
2023/04/02 13:58:53 [notice] 1#1: start worker process 32
2023/04/02 14:02:20 [notice] 1#1: signal 3 (SIGQUIT) received, shutting down
2023/04/02 14:02:20 [notice] 29#29: gracefully shutting down
2023/04/02 14:02:20 [notice] 29#29: exiting
2023/04/02 14:02:20 [notice] 31#31: gracefully shutting down
2023/04/02 14:02:20 [notice] 30#30: gracefully shutting down
2023/04/02 14:02:20 [notice] 31#31: exiting
2023/04/02 14:02:20 [notice] 30#30: exiting
2023/04/02 14:02:20 [notice] 29#29: exit
2023/04/02 14:02:20 [notice] 30#30: exit
2023/04/02 14:02:20 [notice] 31#31: exit
2023/04/02 14:02:20 [notice] 32#32: gracefully shutting down
2023/04/02 14:02:20 [notice] 32#32: exiting
2023/04/02 14:02:20 [notice] 32#32: exit
2023/04/02 14:02:20 [notice] 1#1: signal 17 (SIGCHLD) received from 29
2023/04/02 14:02:20 [notice] 1#1: worker process 29 exited with code 0
2023/04/02 14:02:20 [notice] 1#1: signal 29 (SIGIO) received
2023/04/02 14:02:20 [notice] 1#1: signal 17 (SIGCHLD) received from 30
2023/04/02 14:02:20 [notice] 1#1: worker process 30 exited with code 0
2023/04/02 14:02:20 [notice] 1#1: worker process 31 exited with code 0
2023/04/02 14:02:20 [notice] 1#1: signal 17 (SIGCHLD) received from 32
2023/04/02 14:02:20 [notice] 1#1: worker process 32 exited with code 0
2023/04/02 14:02:20 [notice] 1#1: exit
2023/04/02 14:03:03 [notice] 1#1: using the "epoll" event method
2023/04/02 14:03:03 [notice] 1#1: nginx/1.23.4
2023/04/02 14:03:03 [notice] 1#1: built by gcc 12.2.1 20220924 (Alpine 12.2.1_git20220924-r4) 
2023/04/02 14:03:03 [notice] 1#1: OS: Linux 5.10.16.3-microsoft-standard-WSL2
2023/04/02 14:03:03 [notice] 1#1: getrlimit(RLIMIT_NOFILE): 1048576:1048576
2023/04/02 14:03:03 [notice] 1#1: start worker processes
2023/04/02 14:03:03 [notice] 1#1: start worker process 30
2023/04/02 14:03:03 [notice] 1#1: start worker process 31
2023/04/02 14:03:03 [notice] 1#1: start worker process 32
2023/04/02 14:03:03 [notice] 1#1: start worker process 33
2023/04/02 14:07:03 [notice] 1#1: signal 3 (SIGQUIT) received, shutting down
2023/04/02 14:07:03 [notice] 30#30: gracefully shutting down
2023/04/02 14:07:03 [notice] 31#31: gracefully shutting down
2023/04/02 14:07:03 [notice] 30#30: exiting
2023/04/02 14:07:03 [notice] 32#32: gracefully shutting down
2023/04/02 14:07:03 [notice] 33#33: gracefully shutting down
2023/04/02 14:07:03 [notice] 32#32: exiting
2023/04/02 14:07:03 [notice] 33#33: exiting
2023/04/02 14:07:03 [notice] 31#31: exiting
2023/04/02 14:07:03 [notice] 30#30: exit
2023/04/02 14:07:03 [notice] 32#32: exit
2023/04/02 14:07:03 [notice] 33#33: exit
2023/04/02 14:07:03 [notice] 31#31: exit
2023/04/02 14:07:03 [notice] 1#1: signal 17 (SIGCHLD) received from 33
2023/04/02 14:07:03 [notice] 1#1: worker process 31 exited with code 0
2023/04/02 14:07:03 [notice] 1#1: worker process 32 exited with code 0
2023/04/02 14:07:03 [notice] 1#1: worker process 33 exited with code 0
2023/04/02 14:07:03 [notice] 1#1: signal 29 (SIGIO) received
2023/04/02 14:07:03 [notice] 1#1: signal 17 (SIGCHLD) received from 30
2023/04/02 14:07:03 [notice] 1#1: worker process 30 exited with code 0
2023/04/02 14:07:03 [notice] 1#1: exit
2023/04/02 14:10:09 [notice] 1#1: using the "epoll" event method
2023/04/02 14:10:09 [notice] 1#1: nginx/1.23.4
2023/04/02 14:10:09 [notice] 1#1: built by gcc 12.2.1 20220924 (Alpine 12.2.1_git20220924-r4) 
2023/04/02 14:10:09 [notice] 1#1: OS: Linux 5.10.16.3-microsoft-standard-WSL2
2023/04/02 14:10:09 [notice] 1#1: getrlimit(RLIMIT_NOFILE): 1048576:1048576
2023/04/02 14:10:09 [notice] 1#1: start worker processes
2023/04/02 14:10:09 [notice] 1#1: start worker process 29
2023/04/02 14:10:09 [notice] 1#1: start worker process 30
2023/04/02 14:10:09 [notice] 1#1: start worker process 31
2023/04/02 14:10:09 [notice] 1#1: start worker process 32
2023/04/02 14:17:32 [notice] 1#1: signal 3 (SIGQUIT) received, shutting down
2023/04/02 14:17:32 [notice] 29#29: gracefully shutting down
2023/04/02 14:17:32 [notice] 30#30: gracefully shutting down
2023/04/02 14:17:32 [notice] 29#29: exiting
2023/04/02 14:17:32 [notice] 31#31: gracefully shutting down
2023/04/02 14:17:32 [notice] 30#30: exiting
2023/04/02 14:17:32 [notice] 32#32: gracefully shutting down
2023/04/02 14:17:32 [notice] 31#31: exiting
2023/04/02 14:17:32 [notice] 32#32: exiting
2023/04/02 14:17:32 [notice] 29#29: exit
2023/04/02 14:17:32 [notice] 30#30: exit
2023/04/02 14:17:32 [notice] 31#31: exit
2023/04/02 14:17:32 [notice] 32#32: exit
2023/04/02 14:17:32 [notice] 1#1: signal 17 (SIGCHLD) received from 31
2023/04/02 14:17:32 [notice] 1#1: worker process 30 exited with code 0
2023/04/02 14:17:32 [notice] 1#1: worker process 31 exited with code 0
2023/04/02 14:17:32 [notice] 1#1: signal 29 (SIGIO) received
2023/04/02 14:17:32 [notice] 1#1: signal 17 (SIGCHLD) received from 32
2023/04/02 14:17:32 [notice] 1#1: worker process 32 exited with code 0
2023/04/02 14:17:32 [notice] 1#1: signal 29 (SIGIO) received
2023/04/02 14:17:32 [notice] 1#1: signal 17 (SIGCHLD) received from 29
2023/04/02 14:17:32 [notice] 1#1: worker process 29 exited with code 0
2023/04/02 14:17:32 [notice] 1#1: exit
2023/04/02 14:17:57 [notice] 1#1: using the "epoll" event method
2023/04/02 14:17:57 [notice] 1#1: nginx/1.23.4
2023/04/02 14:17:57 [notice] 1#1: built by gcc 12.2.1 20220924 (Alpine 12.2.1_git20220924-r4) 
2023/04/02 14:17:57 [notice] 1#1: OS: Linux 5.10.16.3-microsoft-standard-WSL2
2023/04/02 14:17:57 [notice] 1#1: getrlimit(RLIMIT_NOFILE): 1048576:1048576
2023/04/02 14:17:57 [notice] 1#1: start worker processes
2023/04/02 14:17:57 [notice] 1#1: start worker process 29
2023/04/02 14:17:57 [notice] 1#1: start worker process 30
2023/04/02 14:17:57 [notice] 1#1: start worker process 31
2023/04/02 14:17:57 [notice] 1#1: start worker process 32
2023/04/02 14:18:42 [notice] 1#1: signal 3 (SIGQUIT) received, shutting down
2023/04/02 14:18:42 [notice] 30#30: gracefully shutting down
2023/04/02 14:18:42 [notice] 31#31: gracefully shutting down
2023/04/02 14:18:42 [notice] 32#32: gracefully shutting down
2023/04/02 14:18:42 [notice] 31#31: exiting
2023/04/02 14:18:42 [notice] 32#32: exiting
2023/04/02 14:18:42 [notice] 30#30: exiting
2023/04/02 14:18:42 [notice] 32#32: exit
2023/04/02 14:18:42 [notice] 31#31: exit
2023/04/02 14:18:42 [notice] 30#30: exit
2023/04/02 14:18:42 [notice] 29#29: gracefully shutting down
2023/04/02 14:18:42 [notice] 1#1: signal 17 (SIGCHLD) received from 32
2023/04/02 14:18:42 [notice] 1#1: worker process 32 exited with code 0
2023/04/02 14:18:42 [notice] 1#1: signal 29 (SIGIO) received
2023/04/02 14:18:42 [notice] 1#1: signal 17 (SIGCHLD) received from 30
2023/04/02 14:18:42 [notice] 1#1: worker process 30 exited with code 0
2023/04/02 14:18:42 [notice] 1#1: signal 29 (SIGIO) received
2023/04/02 14:18:42 [notice] 1#1: signal 17 (SIGCHLD) received from 31
2023/04/02 14:18:42 [notice] 1#1: worker process 31 exited with code 0
2023/04/02 14:18:42 [notice] 1#1: signal 29 (SIGIO) received
2023/04/02 14:20:19 [notice] 1#1: using the "epoll" event method
2023/04/02 14:20:19 [notice] 1#1: nginx/1.23.4
2023/04/02 14:20:19 [notice] 1#1: built by gcc 12.2.1 20220924 (Alpine 12.2.1_git20220924-r4) 
2023/04/02 14:20:19 [notice] 1#1: OS: Linux 5.10.16.3-microsoft-standard-WSL2
2023/04/02 14:20:19 [notice] 1#1: getrlimit(RLIMIT_NOFILE): 1048576:1048576
2023/04/02 14:20:19 [notice] 1#1: start worker processes
2023/04/02 14:20:19 [notice] 1#1: start worker process 29
2023/04/02 14:20:19 [notice] 1#1: start worker process 30
2023/04/02 14:20:19 [notice] 1#1: start worker process 31
2023/04/02 14:20:19 [notice] 1#1: start worker process 32
2023/04/02 14:52:07 [notice] 1#1: using the "epoll" event method
2023/04/02 14:52:07 [notice] 1#1: nginx/1.23.4
2023/04/02 14:52:07 [notice] 1#1: built by gcc 12.2.1 20220924 (Alpine 12.2.1_git20220924-r4) 
2023/04/02 14:52:07 [notice] 1#1: OS: Linux 5.10.16.3-microsoft-standard-WSL2
2023/04/02 14:52:07 [notice] 1#1: getrlimit(RLIMIT_NOFILE): 1048576:1048576
2023/04/02 14:52:07 [notice] 1#1: start worker processes
2023/04/02 14:52:07 [notice] 1#1: start worker process 28
2023/04/02 14:52:07 [notice] 1#1: start worker process 29
2023/04/02 14:52:07 [notice] 1#1: start worker process 30
2023/04/02 14:52:07 [notice] 1#1: start worker process 31
2023/04/02 14:53:31 [notice] 1#1: signal 3 (SIGQUIT) received, shutting down
2023/04/02 14:53:31 [notice] 28#28: gracefully shutting down
2023/04/02 14:53:31 [notice] 29#29: gracefully shutting down
2023/04/02 14:53:31 [notice] 28#28: exiting
2023/04/02 14:53:31 [notice] 29#29: exiting
2023/04/02 14:53:31 [notice] 28#28: exit
2023/04/02 14:53:31 [notice] 29#29: exit
2023/04/02 14:53:31 [notice] 30#30: gracefully shutting down
2023/04/02 14:53:31 [notice] 30#30: exiting
2023/04/02 14:53:31 [notice] 30#30: exit
2023/04/02 14:53:31 [notice] 31#31: gracefully shutting down
2023/04/02 14:53:31 [notice] 31#31: exiting
2023/04/02 14:53:31 [notice] 31#31: exit
2023/04/02 14:53:31 [notice] 1#1: signal 17 (SIGCHLD) received from 30
2023/04/02 14:53:31 [notice] 1#1: worker process 29 exited with code 0
2023/04/02 14:53:31 [notice] 1#1: worker process 30 exited with code 0
2023/04/02 14:53:31 [notice] 1#1: worker process 31 exited with code 0
2023/04/02 14:53:31 [notice] 1#1: signal 29 (SIGIO) received
2023/04/02 14:53:31 [notice] 1#1: signal 17 (SIGCHLD) received from 28
2023/04/02 14:53:31 [notice] 1#1: worker process 28 exited with code 0
2023/04/02 14:53:31 [notice] 1#1: exit
2023/04/02 14:55:09 [notice] 1#1: using the "epoll" event method
2023/04/02 14:55:09 [notice] 1#1: nginx/1.23.4
2023/04/02 14:55:09 [notice] 1#1: built by gcc 10.2.1 20210110 (Debian 10.2.1-6) 
2023/04/02 14:55:09 [notice] 1#1: OS: Linux 5.10.16.3-microsoft-standard-WSL2
2023/04/02 14:55:09 [notice] 1#1: getrlimit(RLIMIT_NOFILE): 1048576:1048576
2023/04/02 14:55:09 [notice] 1#1: start worker processes
2023/04/02 14:55:09 [notice] 1#1: start worker process 28
2023/04/02 14:55:09 [notice] 1#1: start worker process 29
2023/04/02 14:55:09 [notice] 1#1: start worker process 30
2023/04/02 14:55:09 [notice] 1#1: start worker process 31
2023/04/02 14:59:11 [error] 28#28: *60 directory index of "/var/www/html/coffeecodetech/wp-content/uploads/woocommerce_uploads/" is forbidden, client: 172.18.0.3, server: coffeecodetech.test, request: "GET /wp-content/uploads/woocommerce_uploads/ HTTP/1.1", host: "coffeecodetech.test"
2023/04/02 20:11:27 [notice] 1#1: using the "epoll" event method
2023/04/02 20:11:27 [notice] 1#1: nginx/1.23.4
2023/04/02 20:11:27 [notice] 1#1: built by gcc 10.2.1 20210110 (Debian 10.2.1-6) 
2023/04/02 20:11:27 [notice] 1#1: OS: Linux 5.10.16.3-microsoft-standard-WSL2
2023/04/02 20:11:27 [notice] 1#1: getrlimit(RLIMIT_NOFILE): 1048576:1048576
2023/04/02 20:11:27 [notice] 1#1: start worker processes
2023/04/02 20:11:27 [notice] 1#1: start worker process 28
2023/04/02 20:11:27 [notice] 1#1: start worker process 29
2023/04/02 20:11:27 [notice] 1#1: start worker process 30
2023/04/02 20:11:27 [notice] 1#1: start worker process 31
2023/04/02 20:13:09 [notice] 1#1: signal 3 (SIGQUIT) received, shutting down
2023/04/02 20:13:09 [notice] 28#28: gracefully shutting down
2023/04/02 20:13:09 [notice] 29#29: gracefully shutting down
2023/04/02 20:13:09 [notice] 28#28: exiting
2023/04/02 20:13:09 [notice] 29#29: exiting
2023/04/02 20:13:09 [notice] 28#28: exit
2023/04/02 20:13:09 [notice] 29#29: exit
2023/04/02 20:13:09 [notice] 31#31: gracefully shutting down
2023/04/02 20:13:09 [notice] 31#31: exiting
2023/04/02 20:13:09 [notice] 31#31: exit
2023/04/02 20:13:09 [notice] 30#30: gracefully shutting down
2023/04/02 20:13:09 [notice] 30#30: exiting
2023/04/02 20:13:09 [notice] 30#30: exit
2023/04/02 20:13:09 [notice] 1#1: signal 17 (SIGCHLD) received from 29
2023/04/02 20:13:09 [notice] 1#1: worker process 29 exited with code 0
2023/04/02 20:13:09 [notice] 1#1: signal 29 (SIGIO) received
2023/04/02 20:13:09 [notice] 1#1: signal 17 (SIGCHLD) received from 28
2023/04/02 20:13:09 [notice] 1#1: worker process 28 exited with code 0
2023/04/02 20:13:09 [notice] 1#1: signal 29 (SIGIO) received
2023/04/02 20:13:09 [notice] 1#1: signal 17 (SIGCHLD) received from 30
2023/04/02 20:13:09 [notice] 1#1: worker process 30 exited with code 0
2023/04/02 20:13:09 [notice] 1#1: worker process 31 exited with code 0
2023/04/02 20:13:09 [notice] 1#1: exit
2023/04/02 20:29:23 [notice] 1#1: using the "epoll" event method
2023/04/02 20:29:23 [notice] 1#1: nginx/1.23.4
2023/04/02 20:29:23 [notice] 1#1: built by gcc 10.2.1 20210110 (Debian 10.2.1-6) 
2023/04/02 20:29:23 [notice] 1#1: OS: Linux 5.10.16.3-microsoft-standard-WSL2
2023/04/02 20:29:23 [notice] 1#1: getrlimit(RLIMIT_NOFILE): 1048576:1048576
2023/04/02 20:29:23 [notice] 1#1: start worker processes
2023/04/02 20:29:23 [notice] 1#1: start worker process 28
2023/04/02 20:29:23 [notice] 1#1: start worker process 29
2023/04/02 20:29:23 [notice] 1#1: start worker process 30
2023/04/02 20:29:23 [notice] 1#1: start worker process 31
2023/04/02 21:53:37 [notice] 1#1: signal 3 (SIGQUIT) received, shutting down
2023/04/02 21:53:37 [notice] 30#30: gracefully shutting down
2023/04/02 21:53:37 [notice] 30#30: exiting
2023/04/02 21:53:37 [notice] 29#29: gracefully shutting down
2023/04/02 21:53:37 [notice] 30#30: exit
2023/04/02 21:53:37 [notice] 29#29: exiting
2023/04/02 21:53:37 [notice] 29#29: exit
2023/04/02 21:53:37 [notice] 28#28: gracefully shutting down
2023/04/02 21:53:37 [notice] 28#28: exiting
2023/04/02 21:53:37 [notice] 31#31: gracefully shutting down
2023/04/02 21:53:37 [notice] 28#28: exit
2023/04/02 21:53:37 [notice] 31#31: exiting
2023/04/02 21:53:37 [notice] 31#31: exit
2023/04/02 21:53:37 [notice] 1#1: signal 17 (SIGCHLD) received from 29
2023/04/02 21:53:37 [notice] 1#1: worker process 29 exited with code 0
2023/04/02 21:53:37 [notice] 1#1: worker process 31 exited with code 0
2023/04/02 21:53:37 [notice] 1#1: signal 29 (SIGIO) received
2023/04/02 21:53:37 [notice] 1#1: signal 17 (SIGCHLD) received from 30
2023/04/02 21:53:37 [notice] 1#1: worker process 30 exited with code 0
2023/04/02 21:53:37 [notice] 1#1: signal 29 (SIGIO) received
2023/04/02 21:53:37 [notice] 1#1: signal 17 (SIGCHLD) received from 28
2023/04/02 21:53:37 [notice] 1#1: worker process 28 exited with code 0
2023/04/02 21:53:37 [notice] 1#1: exit
2023/04/02 22:03:57 [notice] 1#1: using the "epoll" event method
2023/04/02 22:03:57 [notice] 1#1: nginx/1.23.4
2023/04/02 22:03:57 [notice] 1#1: built by gcc 12.2.1 20220924 (Alpine 12.2.1_git20220924-r4) 
2023/04/02 22:03:57 [notice] 1#1: OS: Linux 5.10.16.3-microsoft-standard-WSL2
2023/04/02 22:03:57 [notice] 1#1: getrlimit(RLIMIT_NOFILE): 1048576:1048576
2023/04/02 22:03:57 [notice] 1#1: start worker processes
2023/04/02 22:03:57 [notice] 1#1: start worker process 29
2023/04/02 22:03:57 [notice] 1#1: start worker process 30
2023/04/02 22:03:57 [notice] 1#1: start worker process 31
2023/04/02 22:03:57 [notice] 1#1: start worker process 32
2023/04/02 22:11:16 [error] 29#29: *7 open() "/var/www/html/coffeecodetech/404.html" failed (2: No such file or directory), client: 172.20.0.1, server: coffeecodetech.test, request: "GET /favicon.ico HTTP/1.1", host: "coffeecodetech.test", referrer: "http://coffeecodetech.test/wp-login.php?redirect_to=http%3A%2F%2Fcoffeecodetech.test%2Fwp-admin%2F&reauth=1"
2023/04/02 22:50:39 [notice] 1#1: signal 3 (SIGQUIT) received, shutting down
2023/04/02 22:50:39 [notice] 29#29: gracefully shutting down
2023/04/02 22:50:39 [notice] 31#31: gracefully shutting down
2023/04/02 22:50:39 [notice] 29#29: exiting
2023/04/02 22:50:39 [notice] 31#31: exiting
2023/04/02 22:50:39 [notice] 32#32: gracefully shutting down
2023/04/02 22:50:39 [notice] 32#32: exiting
2023/04/02 22:50:39 [notice] 31#31: exit
2023/04/02 22:50:39 [notice] 29#29: exit
2023/04/02 22:50:39 [notice] 32#32: exit
2023/04/02 22:50:39 [notice] 30#30: gracefully shutting down
2023/04/02 22:50:39 [notice] 30#30: exiting
2023/04/02 22:50:39 [notice] 30#30: exit
2023/04/02 22:50:39 [notice] 1#1: signal 17 (SIGCHLD) received from 31
2023/04/02 22:50:39 [notice] 1#1: worker process 29 exited with code 0
2023/04/02 22:50:39 [notice] 1#1: worker process 30 exited with code 0
2023/04/02 22:50:39 [notice] 1#1: worker process 31 exited with code 0
2023/04/02 22:50:39 [notice] 1#1: signal 29 (SIGIO) received
2023/04/02 22:50:39 [notice] 1#1: signal 17 (SIGCHLD) received from 30
2023/04/02 22:50:39 [notice] 1#1: worker process 32 exited with code 0
2023/04/02 22:50:39 [notice] 1#1: exit
2023/04/02 23:18:26 [notice] 1#1: using the "epoll" event method
2023/04/02 23:18:26 [notice] 1#1: nginx/1.23.4
2023/04/02 23:18:26 [notice] 1#1: built by gcc 12.2.1 20220924 (Alpine 12.2.1_git20220924-r4) 
2023/04/02 23:18:26 [notice] 1#1: OS: Linux 5.10.16.3-microsoft-standard-WSL2
2023/04/02 23:18:26 [notice] 1#1: getrlimit(RLIMIT_NOFILE): 1048576:1048576
2023/04/02 23:18:26 [notice] 1#1: start worker processes
2023/04/02 23:18:26 [notice] 1#1: start worker process 29
2023/04/02 23:18:26 [notice] 1#1: start worker process 30
2023/04/02 23:18:26 [notice] 1#1: start worker process 31
2023/04/02 23:18:26 [notice] 1#1: start worker process 32
2023/04/03 01:15:35 [notice] 1#1: signal 3 (SIGQUIT) received, shutting down
2023/04/03 01:15:35 [notice] 31#31: gracefully shutting down
2023/04/03 01:15:35 [notice] 29#29: gracefully shutting down
2023/04/03 01:15:35 [notice] 31#31: exiting
2023/04/03 01:15:35 [notice] 29#29: exiting
2023/04/03 01:15:35 [notice] 31#31: exit
2023/04/03 01:15:35 [notice] 29#29: exit
2023/04/03 01:15:35 [notice] 30#30: gracefully shutting down
2023/04/03 01:15:35 [notice] 30#30: exiting
2023/04/03 01:15:35 [notice] 30#30: exit
2023/04/03 01:15:35 [notice] 32#32: gracefully shutting down
2023/04/03 01:15:35 [notice] 32#32: exiting
2023/04/03 01:15:35 [notice] 32#32: exit
2023/04/03 01:15:35 [notice] 1#1: signal 17 (SIGCHLD) received from 29
2023/04/03 01:15:35 [notice] 1#1: worker process 29 exited with code 0
2023/04/03 01:15:35 [notice] 1#1: signal 29 (SIGIO) received
2023/04/03 01:15:35 [notice] 1#1: signal 17 (SIGCHLD) received from 30
2023/04/03 01:15:35 [notice] 1#1: worker process 30 exited with code 0
2023/04/03 01:15:35 [notice] 1#1: worker process 31 exited with code 0
2023/04/03 01:15:35 [notice] 1#1: worker process 32 exited with code 0
2023/04/03 01:15:35 [notice] 1#1: exit
2023/04/03 01:23:49 [notice] 1#1: using the "epoll" event method
2023/04/03 01:23:49 [notice] 1#1: nginx/1.23.4
2023/04/03 01:23:49 [notice] 1#1: built by gcc 12.2.1 20220924 (Alpine 12.2.1_git20220924-r4) 
2023/04/03 01:23:49 [notice] 1#1: OS: Linux 5.10.16.3-microsoft-standard-WSL2
2023/04/03 01:23:49 [notice] 1#1: getrlimit(RLIMIT_NOFILE): 1048576:1048576
2023/04/03 01:23:49 [notice] 1#1: start worker processes
2023/04/03 01:23:49 [notice] 1#1: start worker process 29
2023/04/03 01:23:49 [notice] 1#1: start worker process 30
2023/04/03 01:23:49 [notice] 1#1: start worker process 31
2023/04/03 01:23:49 [notice] 1#1: start worker process 32
2023/04/03 02:12:52 [notice] 1#1: signal 3 (SIGQUIT) received, shutting down
2023/04/03 02:12:52 [notice] 30#30: gracefully shutting down
2023/04/03 02:12:52 [notice] 31#31: gracefully shutting down
2023/04/03 02:12:52 [notice] 29#29: gracefully shutting down
2023/04/03 02:12:52 [notice] 30#30: exiting
2023/04/03 02:12:52 [notice] 31#31: exiting
2023/04/03 02:12:52 [notice] 29#29: exiting
2023/04/03 02:12:52 [notice] 31#31: exit
2023/04/03 02:12:52 [notice] 30#30: exit
2023/04/03 02:12:52 [notice] 29#29: exit
2023/04/03 02:12:52 [notice] 32#32: gracefully shutting down
2023/04/03 02:12:52 [notice] 32#32: exiting
2023/04/03 02:12:52 [notice] 32#32: exit
2023/04/03 02:12:52 [notice] 1#1: signal 17 (SIGCHLD) received from 31
2023/04/03 02:12:52 [notice] 1#1: worker process 31 exited with code 0
2023/04/03 02:12:52 [notice] 1#1: worker process 32 exited with code 0
2023/04/03 02:12:52 [notice] 1#1: worker process 29 exited with code 0
2023/04/03 02:12:52 [notice] 1#1: signal 29 (SIGIO) received
2023/04/03 02:12:52 [notice] 1#1: signal 17 (SIGCHLD) received from 29
2023/04/03 02:12:52 [notice] 1#1: signal 17 (SIGCHLD) received from 30
2023/04/03 02:12:52 [notice] 1#1: worker process 30 exited with code 0
2023/04/03 02:12:52 [notice] 1#1: exit
2023/04/03 02:18:13 [notice] 1#1: using the "epoll" event method
2023/04/03 02:18:13 [notice] 1#1: nginx/1.23.4
2023/04/03 02:18:13 [notice] 1#1: built by gcc 12.2.1 20220924 (Alpine 12.2.1_git20220924-r4) 
2023/04/03 02:18:13 [notice] 1#1: OS: Linux 5.10.16.3-microsoft-standard-WSL2
2023/04/03 02:18:13 [notice] 1#1: getrlimit(RLIMIT_NOFILE): 1048576:1048576
2023/04/03 02:18:13 [notice] 1#1: start worker processes
2023/04/03 02:18:13 [notice] 1#1: start worker process 29
2023/04/03 02:18:13 [notice] 1#1: start worker process 30
2023/04/03 02:18:13 [notice] 1#1: start worker process 31
2023/04/03 02:18:13 [notice] 1#1: start worker process 32
2023/04/03 02:18:20 [error] 29#29: *1 open() "/var/www/html/coffeecodetech/web/404.html" failed (2: No such file or directory), client: 172.23.0.1, server: coffeecodetech.test, request: "GET /favicon.ico HTTP/1.1", host: "coffeecodetech.test", referrer: "http://coffeecodetech.test/"
2023/04/03 02:18:54 [error] 30#30: *3 open() "/var/www/html/coffeecodetech/web/404.html" failed (2: No such file or directory), client: 172.23.0.1, server: coffeecodetech.test, request: "GET /favicon.ico HTTP/1.1", host: "coffeecodetech.test", referrer: "http://coffeecodetech.test/"
2023/04/03 02:57:59 [notice] 1#1: signal 3 (SIGQUIT) received, shutting down
2023/04/03 02:57:59 [notice] 30#30: gracefully shutting down
2023/04/03 02:57:59 [notice] 29#29: gracefully shutting down
2023/04/03 02:57:59 [notice] 32#32: gracefully shutting down
2023/04/03 02:57:59 [notice] 30#30: exiting
2023/04/03 02:57:59 [notice] 29#29: exiting
2023/04/03 02:57:59 [notice] 32#32: exiting
2023/04/03 02:57:59 [notice] 32#32: exit
2023/04/03 02:57:59 [notice] 29#29: exit
2023/04/03 02:57:59 [notice] 30#30: exit
2023/04/03 02:57:59 [notice] 31#31: gracefully shutting down
2023/04/03 02:57:59 [notice] 31#31: exiting
2023/04/03 02:57:59 [notice] 31#31: exit
2023/04/03 02:57:59 [notice] 1#1: signal 17 (SIGCHLD) received from 32
2023/04/03 02:57:59 [notice] 1#1: worker process 32 exited with code 0
2023/04/03 02:57:59 [notice] 1#1: signal 29 (SIGIO) received
2023/04/03 02:57:59 [notice] 1#1: signal 17 (SIGCHLD) received from 30
2023/04/03 02:57:59 [notice] 1#1: worker process 30 exited with code 0
2023/04/03 02:57:59 [notice] 1#1: worker process 31 exited with code 0
2023/04/03 02:57:59 [notice] 1#1: signal 29 (SIGIO) received
2023/04/03 02:57:59 [notice] 1#1: signal 17 (SIGCHLD) received from 29
2023/04/03 02:57:59 [notice] 1#1: worker process 29 exited with code 0
2023/04/03 02:57:59 [notice] 1#1: exit
2023/04/03 02:58:24 [notice] 1#1: using the "epoll" event method
2023/04/03 02:58:24 [notice] 1#1: nginx/1.23.4
2023/04/03 02:58:24 [notice] 1#1: built by gcc 12.2.1 20220924 (Alpine 12.2.1_git20220924-r4) 
2023/04/03 02:58:24 [notice] 1#1: OS: Linux 5.10.16.3-microsoft-standard-WSL2
2023/04/03 02:58:24 [notice] 1#1: getrlimit(RLIMIT_NOFILE): 1048576:1048576
2023/04/03 02:58:24 [notice] 1#1: start worker processes
2023/04/03 02:58:24 [notice] 1#1: start worker process 29
2023/04/03 02:58:24 [notice] 1#1: start worker process 30
2023/04/03 02:58:24 [notice] 1#1: start worker process 31
2023/04/03 02:58:24 [notice] 1#1: start worker process 32
2023/04/03 02:58:26 [notice] 1#1: signal 3 (SIGQUIT) received, shutting down
2023/04/03 02:58:26 [notice] 30#30: gracefully shutting down
2023/04/03 02:58:26 [notice] 29#29: gracefully shutting down
2023/04/03 02:58:26 [notice] 31#31: gracefully shutting down
2023/04/03 02:58:26 [notice] 30#30: exiting
2023/04/03 02:58:26 [notice] 29#29: exiting
2023/04/03 02:58:26 [notice] 31#31: exiting
2023/04/03 02:58:26 [notice] 30#30: exit
2023/04/03 02:58:26 [notice] 29#29: exit
2023/04/03 02:58:26 [notice] 31#31: exit
2023/04/03 02:58:26 [notice] 32#32: gracefully shutting down
2023/04/03 02:58:26 [notice] 32#32: exiting
2023/04/03 02:58:26 [notice] 32#32: exit
2023/04/03 02:58:26 [notice] 1#1: signal 17 (SIGCHLD) received from 32
2023/04/03 02:58:26 [notice] 1#1: worker process 29 exited with code 0
2023/04/03 02:58:26 [notice] 1#1: worker process 32 exited with code 0
2023/04/03 02:58:26 [notice] 1#1: worker process 31 exited with code 0
2023/04/03 02:58:26 [notice] 1#1: signal 29 (SIGIO) received
2023/04/03 02:58:26 [notice] 1#1: signal 17 (SIGCHLD) received from 31
2023/04/03 02:58:26 [notice] 1#1: signal 17 (SIGCHLD) received from 30
2023/04/03 02:58:26 [notice] 1#1: worker process 30 exited with code 0
2023/04/03 02:58:26 [notice] 1#1: exit
2023/04/03 03:04:28 [notice] 1#1: using the "epoll" event method
2023/04/03 03:04:28 [notice] 1#1: nginx/1.23.4
2023/04/03 03:04:28 [notice] 1#1: built by gcc 12.2.1 20220924 (Alpine 12.2.1_git20220924-r4) 
2023/04/03 03:04:28 [notice] 1#1: OS: Linux 5.10.16.3-microsoft-standard-WSL2
2023/04/03 03:04:28 [notice] 1#1: getrlimit(RLIMIT_NOFILE): 1048576:1048576
2023/04/03 03:04:28 [notice] 1#1: start worker processes
2023/04/03 03:04:28 [notice] 1#1: start worker process 29
2023/04/03 03:04:28 [notice] 1#1: start worker process 30
2023/04/03 03:04:28 [notice] 1#1: start worker process 31
2023/04/03 03:04:28 [notice] 1#1: start worker process 32
2023/04/03 03:31:03 [error] 29#29: *1 open() "/var/www/html/coffeecodetech/web/404.html" failed (2: No such file or directory), client: 172.25.0.1, server: coffeecodetech.test, request: "GET /favicon.ico HTTP/1.1", host: "coffeecodetech.test", referrer: "http://coffeecodetech.test/"
2023/04/03 03:56:12 [error] 29#29: *36 open() "/var/www/html/coffeecodetech/web/404.html" failed (2: No such file or directory), client: 172.25.0.1, server: coffeecodetech.test, request: "GET /favicon.ico HTTP/1.1", host: "coffeecodetech.test", referrer: "http://coffeecodetech.test/"
2023/04/03 03:56:13 [error] 29#29: *38 open() "/var/www/html/coffeecodetech/web/wp-includes/images/w-logo-blue-white-bg.png" failed (2: No such file or directory), client: 172.25.0.1, server: coffeecodetech.test, request: "GET /wp-includes/images/w-logo-blue-white-bg.png HTTP/1.1", host: "coffeecodetech.test", referrer: "http://coffeecodetech.test/"
2023/04/03 03:56:13 [error] 29#29: *38 open() "/var/www/html/coffeecodetech/web/404.html" failed (2: No such file or directory), client: 172.25.0.1, server: coffeecodetech.test, request: "GET /wp-includes/images/w-logo-blue-white-bg.png HTTP/1.1", host: "coffeecodetech.test", referrer: "http://coffeecodetech.test/"
2023/04/03 03:58:17 [notice] 1#1: signal 3 (SIGQUIT) received, shutting down
2023/04/03 03:58:17 [notice] 32#32: gracefully shutting down
2023/04/03 03:58:17 [notice] 29#29: gracefully shutting down
2023/04/03 03:58:17 [notice] 32#32: exiting
2023/04/03 03:58:17 [notice] 29#29: exiting
2023/04/03 03:58:17 [notice] 32#32: exit
2023/04/03 03:58:17 [notice] 29#29: exit
2023/04/03 03:58:17 [notice] 30#30: gracefully shutting down
2023/04/03 03:58:17 [notice] 30#30: exiting
2023/04/03 03:58:17 [notice] 30#30: exit
2023/04/03 03:58:17 [notice] 31#31: gracefully shutting down
2023/04/03 03:58:17 [notice] 31#31: exiting
2023/04/03 03:58:17 [notice] 31#31: exit
2023/04/03 03:58:17 [notice] 1#1: signal 17 (SIGCHLD) received from 32
2023/04/03 03:58:17 [notice] 1#1: worker process 30 exited with code 0
2023/04/03 03:58:17 [notice] 1#1: worker process 31 exited with code 0
2023/04/03 03:58:17 [notice] 1#1: worker process 32 exited with code 0
2023/04/03 03:58:17 [notice] 1#1: worker process 29 exited with code 0
2023/04/03 03:58:17 [notice] 1#1: exit
2023/04/03 13:09:53 [emerg] 1#1: duplicate location "/" in /etc/nginx/conf.d/default.conf:12
2023/04/03 13:09:55 [emerg] 1#1: duplicate location "/" in /etc/nginx/conf.d/default.conf:12
2023/04/03 13:09:56 [emerg] 1#1: duplicate location "/" in /etc/nginx/conf.d/default.conf:12
2023/04/03 13:09:58 [emerg] 1#1: duplicate location "/" in /etc/nginx/conf.d/default.conf:12
2023/04/03 13:10:00 [emerg] 1#1: duplicate location "/" in /etc/nginx/conf.d/default.conf:12
2023/04/03 13:10:03 [emerg] 1#1: duplicate location "/" in /etc/nginx/conf.d/default.conf:12
2023/04/03 13:10:07 [emerg] 1#1: duplicate location "/" in /etc/nginx/conf.d/default.conf:12
2023/04/03 13:10:15 [emerg] 1#1: duplicate location "/" in /etc/nginx/conf.d/default.conf:12
2023/04/03 13:10:29 [emerg] 1#1: duplicate location "/" in /etc/nginx/conf.d/default.conf:12
2023/04/03 13:10:56 [emerg] 1#1: duplicate location "/" in /etc/nginx/conf.d/default.conf:12
2023/04/03 13:11:48 [emerg] 1#1: duplicate location "/" in /etc/nginx/conf.d/default.conf:12
2023/04/03 13:12:50 [emerg] 1#1: duplicate location "/" in /etc/nginx/conf.d/default.conf:12
2023/04/03 13:13:51 [emerg] 1#1: duplicate location "/" in /etc/nginx/conf.d/default.conf:12
2023/04/03 13:14:52 [emerg] 1#1: duplicate location "/" in /etc/nginx/conf.d/default.conf:12
2023/04/03 13:15:53 [emerg] 1#1: duplicate location "/" in /etc/nginx/conf.d/default.conf:12
2023/04/03 13:16:55 [emerg] 1#1: duplicate location "/" in /etc/nginx/conf.d/default.conf:12
2023/04/03 13:17:56 [emerg] 1#1: duplicate location "/" in /etc/nginx/conf.d/default.conf:12
2023/04/03 13:18:57 [emerg] 1#1: duplicate location "/" in /etc/nginx/conf.d/default.conf:12
2023/04/03 13:19:58 [emerg] 1#1: duplicate location "/" in /etc/nginx/conf.d/default.conf:12
2023/04/03 13:20:39 [notice] 1#1: using the "epoll" event method
2023/04/03 13:20:39 [notice] 1#1: nginx/1.23.4
2023/04/03 13:20:39 [notice] 1#1: built by gcc 12.2.1 20220924 (Alpine 12.2.1_git20220924-r4) 
2023/04/03 13:20:39 [notice] 1#1: OS: Linux 5.10.16.3-microsoft-standard-WSL2
2023/04/03 13:20:39 [notice] 1#1: getrlimit(RLIMIT_NOFILE): 1048576:1048576
2023/04/03 13:20:39 [notice] 1#1: start worker processes
2023/04/03 13:20:39 [notice] 1#1: start worker process 29
2023/04/03 13:20:39 [notice] 1#1: start worker process 30
2023/04/03 13:20:39 [notice] 1#1: start worker process 31
2023/04/03 13:20:39 [notice] 1#1: start worker process 32
